[INFO] Scanning for projects...
[INFO] 
[INFO] ------------------------------------------------------------------------
[INFO] Building Serenity Callisto project using Cucumber and WebDriver 1.0-SNAPSHOT
[INFO] ------------------------------------------------------------------------
[INFO] 
[INFO] --- maven-clean-plugin:2.5:clean (default-clean) @ serenity-callisto ---
[INFO] Deleting C:\Users\Jeffrey\Documents\GitHub\serenity-callisto\target
[INFO] 
[INFO] --- maven-resources-plugin:2.6:resources (default-resources) @ serenity-callisto ---
[INFO] Using 'UTF-8' encoding to copy filtered resources.
[INFO] skip non existing resourceDirectory C:\Users\Jeffrey\Documents\GitHub\serenity-callisto\src\main\resources
[INFO] 
[INFO] --- maven-compiler-plugin:3.2:compile (default-compile) @ serenity-callisto ---
[INFO] No sources to compile
[INFO] 
[INFO] --- maven-resources-plugin:2.6:testResources (default-testResources) @ serenity-callisto ---
[INFO] Using 'UTF-8' encoding to copy filtered resources.
[INFO] Copying 11 resources
[INFO] 
[INFO] --- maven-compiler-plugin:3.2:testCompile (default-testCompile) @ serenity-callisto ---
[INFO] Changes detected - recompiling the module!
[INFO] Compiling 88 source files to C:\Users\Jeffrey\Documents\GitHub\serenity-callisto\target\test-classes
[INFO] 
[INFO] --- maven-surefire-plugin:2.19.1:test (default-test) @ serenity-callisto ---
[INFO] Tests are skipped.
[INFO] 
[INFO] --- maven-jar-plugin:2.4:jar (default-jar) @ serenity-callisto ---
[WARNING] JAR will be empty - no content was marked for inclusion!
[INFO] Building jar: C:\Users\Jeffrey\Documents\GitHub\serenity-callisto\target\serenity-callisto-1.0-SNAPSHOT.jar
[INFO] 
[INFO] --- maven-failsafe-plugin:2.19.1:integration-test (default) @ serenity-callisto ---

-------------------------------------------------------
 T E S T S
-------------------------------------------------------
Running sg.four.serenity.callisto.BrowseHomepageTestSuite
WARNING: An illegal reflective access operation has occurred
WARNING: Illegal reflective access by com.google.inject.internal.cglib.core.$ReflectUtils$1 (file:/C:/Users/Jeffrey/.m2/repository/com/google/inject/guice/4.1.0/guice-4.1.0.jar) to method java.lang.ClassLoader.defineClass(java.lang.String,byte[],int,int,java.security.ProtectionDomain)
WARNING: Please consider reporting this to the maintainers of com.google.inject.internal.cglib.core.$ReflectUtils$1
WARNING: Use --illegal-access=warn to enable warnings of further illegal reflective access operations
WARNING: All illegal access operations will be denied in a future release
Setting runtime options in createRuntime()
None of the features at [src/test/resources/features/visit_homepage/BrowseHomepage.feature] matched the filters: [@page-cloud]

0 Scenarios
0 Steps
0m0.000s

Tests run: 0, Failures: 0, Errors: 0, Skipped: 0, Time elapsed: 9.395 sec - in sg.four.serenity.callisto.BrowseHomepageTestSuite
Running sg.four.serenity.callisto.BrowseWebsiteTestSuite
Setting runtime options in createRuntime()
None of the features at [src/test/resources/features/browse_website/BrowseWebsite.feature] matched the filters: [@page-cloud]

0 Scenarios
0 Steps
0m0.000s

Tests run: 0, Failures: 0, Errors: 0, Skipped: 0, Time elapsed: 0.426 sec - in sg.four.serenity.callisto.BrowseWebsiteTestSuite
Running sg.four.serenity.callisto.CallistoVisitorTestSuite
Setting runtime options in createRuntime()
None of the features at [src/test/resources/features/browse/CallistoVisitor.feature] matched the filters: [@page-cloud]

0 Scenarios
0 Steps
0m0.000s

Tests run: 0, Failures: 0, Errors: 0, Skipped: 0, Time elapsed: 1.234 sec - in sg.four.serenity.callisto.CallistoVisitorTestSuite
Running sg.four.serenity.callisto.ManageContentTestSuite
Setting runtime options in createRuntime()
2018-02-15 08:32:17,013 main DEBUG Initializing configuration XmlConfiguration[location=C:\Users\Jeffrey\Documents\GitHub\serenity-callisto\target\test-classes\log4j2.xml]
2018-02-15 08:32:17,085 main DEBUG Installed 2 script engines
2018-02-15 08:32:17,289 main INFO Cannot initialize scripting support because this JRE does not support it. java.lang.ExceptionInInitializerError
	at org.jruby.embed.internal.AbstractLocalContextProvider.<init>(AbstractLocalContextProvider.java:42)
	at org.jruby.embed.internal.SingletonLocalContextProvider.<init>(SingletonLocalContextProvider.java:88)
	at org.jruby.embed.ScriptingContainer.getProviderInstance(ScriptingContainer.java:246)
	at org.jruby.embed.ScriptingContainer.<init>(ScriptingContainer.java:226)
	at org.jruby.embed.jsr223.JRubyEngineFactory.getScriptEngine(JRubyEngineFactory.java:170)
	at org.apache.logging.log4j.core.script.ScriptManager.<init>(ScriptManager.java:99)
	at org.apache.logging.log4j.core.config.AbstractConfiguration.initialize(AbstractConfiguration.java:215)
	at org.apache.logging.log4j.core.config.AbstractConfiguration.start(AbstractConfiguration.java:249)
	at org.apache.logging.log4j.core.LoggerContext.setConfiguration(LoggerContext.java:545)
	at org.apache.logging.log4j.core.LoggerContext.reconfigure(LoggerContext.java:617)
	at org.apache.logging.log4j.core.LoggerContext.reconfigure(LoggerContext.java:634)
	at org.apache.logging.log4j.core.LoggerContext.start(LoggerContext.java:229)
	at org.apache.logging.log4j.core.impl.Log4jContextFactory.getContext(Log4jContextFactory.java:152)
	at org.apache.logging.log4j.core.impl.Log4jContextFactory.getContext(Log4jContextFactory.java:45)
	at org.apache.logging.log4j.LogManager.getContext(LogManager.java:194)
	at org.apache.logging.log4j.LogManager.getLogger(LogManager.java:581)
	at sg.four.serenity.callisto.steps.ManageContentSteps.<clinit>(ManageContentSteps.java:24)
	at java.base/jdk.internal.reflect.NativeConstructorAccessorImpl.newInstance0(Native Method)
	at java.base/jdk.internal.reflect.NativeConstructorAccessorImpl.newInstance(NativeConstructorAccessorImpl.java:62)
	at java.base/jdk.internal.reflect.DelegatingConstructorAccessorImpl.newInstance(DelegatingConstructorAccessorImpl.java:45)
	at java.base/java.lang.reflect.Constructor.newInstance(Constructor.java:488)
	at cucumber.runtime.SerenityObjectFactory.newInstance(SerenityObjectFactory.java:63)
	at cucumber.runtime.SerenityObjectFactory.cacheNewInstance(SerenityObjectFactory.java:51)
	at cucumber.runtime.SerenityObjectFactory.getInstance(SerenityObjectFactory.java:41)
	at cucumber.runtime.java.JavaHookDefinition.execute(JavaHookDefinition.java:60)
	at cucumber.runtime.Runtime.runHookIfTagsMatch(Runtime.java:224)
	at cucumber.runtime.Runtime.runHooks(Runtime.java:212)
	at cucumber.runtime.Runtime.runBeforeHooks(Runtime.java:202)
	at cucumber.runtime.model.CucumberScenario.run(CucumberScenario.java:40)
	at cucumber.runtime.junit.ExecutionUnitRunner.run(ExecutionUnitRunner.java:102)
	at cucumber.runtime.junit.FeatureRunner.runChild(FeatureRunner.java:63)
	at cucumber.runtime.junit.FeatureRunner.runChild(FeatureRunner.java:18)
	at org.junit.runners.ParentRunner$3.run(ParentRunner.java:290)
	at org.junit.runners.ParentRunner$1.schedule(ParentRunner.java:71)
	at org.junit.runners.ParentRunner.runChildren(ParentRunner.java:288)
	at org.junit.runners.ParentRunner.access$000(ParentRunner.java:58)
	at org.junit.runners.ParentRunner$2.evaluate(ParentRunner.java:268)
	at org.junit.runners.ParentRunner.run(ParentRunner.java:363)
	at cucumber.runtime.junit.FeatureRunner.run(FeatureRunner.java:70)
	at cucumber.api.junit.Cucumber.runChild(Cucumber.java:95)
	at cucumber.api.junit.Cucumber.runChild(Cucumber.java:38)
	at org.junit.runners.ParentRunner$3.run(ParentRunner.java:290)
	at org.junit.runners.ParentRunner$1.schedule(ParentRunner.java:71)
	at org.junit.runners.ParentRunner.runChildren(ParentRunner.java:288)
	at org.junit.runners.ParentRunner.access$000(ParentRunner.java:58)
	at org.junit.runners.ParentRunner$2.evaluate(ParentRunner.java:268)
	at org.junit.runners.ParentRunner.run(ParentRunner.java:363)
	at cucumber.api.junit.Cucumber.run(Cucumber.java:100)
	at org.apache.maven.surefire.junit4.JUnit4Provider.execute(JUnit4Provider.java:367)
	at org.apache.maven.surefire.junit4.JUnit4Provider.executeWithRerun(JUnit4Provider.java:274)
	at org.apache.maven.surefire.junit4.JUnit4Provider.executeTestSet(JUnit4Provider.java:238)
	at org.apache.maven.surefire.junit4.JUnit4Provider.invoke(JUnit4Provider.java:161)
	at org.apache.maven.surefire.booter.ForkedBooter.invokeProviderInSameClassLoader(ForkedBooter.java:290)
	at org.apache.maven.surefire.booter.ForkedBooter.runSuitesInProcess(ForkedBooter.java:242)
	at org.apache.maven.surefire.booter.ForkedBooter.main(ForkedBooter.java:121)
Caused by: java.lang.RuntimeException: unsupported Java version: 9
	at org.jruby.RubyInstanceConfig.initGlobalJavaVersion(RubyInstanceConfig.java:1693)
	at org.jruby.RubyInstanceConfig.<clinit>(RubyInstanceConfig.java:1398)
	... 55 more

2018-02-15 08:32:17,334 main DEBUG PluginManager 'Core' found 115 plugins
2018-02-15 08:32:17,338 main DEBUG PluginManager 'Level' found 0 plugins
2018-02-15 08:32:17,385 main DEBUG PluginManager 'Lookup' found 13 plugins
2018-02-15 08:32:17,403 main DEBUG Building Plugin[name=layout, class=org.apache.logging.log4j.core.layout.PatternLayout].
2018-02-15 08:32:17,544 main TRACE TypeConverterRegistry initializing.
2018-02-15 08:32:17,547 main DEBUG PluginManager 'TypeConverter' found 26 plugins
2018-02-15 08:32:17,662 main DEBUG PatternLayout$Builder(pattern="[%-5level][%logger{36}] %msg%n", PatternSelector=null, Configuration(C:\Users\Jeffrey\Documents\GitHub\serenity-callisto\target\test-classes\log4j2.xml), Replace=null, charset="null", alwaysWriteExceptions="null", disableAnsi="null", noConsoleNoAnsi="null", header="null", footer="null")
2018-02-15 08:32:17,667 main DEBUG PluginManager 'Converter' found 42 plugins
2018-02-15 08:32:17,675 main DEBUG Building Plugin[name=appender, class=org.apache.logging.log4j.core.appender.ConsoleAppender].
2018-02-15 08:32:17,721 main DEBUG ConsoleAppender$Builder(target="SYSTEM_OUT", follow="null", direct="null", bufferedIo="null", bufferSize="null", immediateFlush="null", ignoreExceptions="null", PatternLayout([%-5level][%logger{36}] %msg%n), name="Console", Configuration(C:\Users\Jeffrey\Documents\GitHub\serenity-callisto\target\test-classes\log4j2.xml), Filter=null)
2018-02-15 08:32:17,726 main WARN Unable to instantiate org.fusesource.jansi.WindowsAnsiOutputStream
2018-02-15 08:32:17,728 main DEBUG Starting OutputStreamManager SYSTEM_OUT.false.false
2018-02-15 08:32:17,729 main DEBUG Building Plugin[name=appenders, class=org.apache.logging.log4j.core.config.AppendersPlugin].
2018-02-15 08:32:17,738 main ERROR Appenders contains an invalid element or attribute "Appender"
2018-02-15 08:32:17,740 main DEBUG createAppenders(={Console})
2018-02-15 08:32:17,742 main DEBUG Building Plugin[name=AppenderRef, class=org.apache.logging.log4j.core.config.AppenderRef].
2018-02-15 08:32:17,766 main DEBUG createAppenderRef(ref="Console", level="null", Filter=null)
2018-02-15 08:32:17,775 main DEBUG Building Plugin[name=AppenderRef, class=org.apache.logging.log4j.core.config.AppenderRef].
2018-02-15 08:32:17,780 main DEBUG createAppenderRef(ref="File", level="null", Filter=null)
2018-02-15 08:32:17,784 main DEBUG Building Plugin[name=root, class=org.apache.logging.log4j.core.config.LoggerConfig$RootLogger].
2018-02-15 08:32:17,791 main DEBUG createLogger(additivity="null", level="ALL", includeLocation="null", ={Console, File}, ={}, Configuration(C:\Users\Jeffrey\Documents\GitHub\serenity-callisto\target\test-classes\log4j2.xml), Filter=null)
2018-02-15 08:32:17,802 main DEBUG Building Plugin[name=loggers, class=org.apache.logging.log4j.core.config.LoggersPlugin].
2018-02-15 08:32:17,807 main DEBUG createLoggers(={root})
2018-02-15 08:32:17,810 main ERROR Unable to locate appender "File" for logger config "root"
2018-02-15 08:32:17,812 main DEBUG Configuration XmlConfiguration[location=C:\Users\Jeffrey\Documents\GitHub\serenity-callisto\target\test-classes\log4j2.xml] initialized
2018-02-15 08:32:17,816 main DEBUG Starting configuration XmlConfiguration[location=C:\Users\Jeffrey\Documents\GitHub\serenity-callisto\target\test-classes\log4j2.xml]
2018-02-15 08:32:17,818 main DEBUG Started configuration XmlConfiguration[location=C:\Users\Jeffrey\Documents\GitHub\serenity-callisto\target\test-classes\log4j2.xml] OK.
2018-02-15 08:32:17,828 main TRACE Stopping org.apache.logging.log4j.core.config.DefaultConfiguration@2ca5f1ed...
2018-02-15 08:32:17,830 main TRACE DefaultConfiguration notified 1 ReliabilityStrategies that config will be stopped.
2018-02-15 08:32:17,836 main TRACE DefaultConfiguration stopping root LoggerConfig.
2018-02-15 08:32:17,839 main TRACE DefaultConfiguration notifying ReliabilityStrategies that appenders will be stopped.
2018-02-15 08:32:17,840 main TRACE DefaultConfiguration stopping remaining Appenders.
2018-02-15 08:32:17,842 main DEBUG Shutting down OutputStreamManager SYSTEM_OUT.false.false-1
2018-02-15 08:32:17,848 main DEBUG Shut down OutputStreamManager SYSTEM_OUT.false.false-1, all resources released: true
2018-02-15 08:32:17,851 main DEBUG Appender DefaultConsole-1 stopped with status true
2018-02-15 08:32:17,856 main TRACE DefaultConfiguration stopped 1 remaining Appenders.
2018-02-15 08:32:17,859 main TRACE DefaultConfiguration cleaning Appenders from 1 LoggerConfigs.
2018-02-15 08:32:17,868 main DEBUG Stopped org.apache.logging.log4j.core.config.DefaultConfiguration@2ca5f1ed OK
2018-02-15 08:32:19,208 main TRACE Reregistering MBeans after reconfigure. Selector=org.apache.logging.log4j.core.selector.ClassLoaderContextSelector@4f5b08d
2018-02-15 08:32:19,211 main TRACE Reregistering context (1/1): '4f8e5cde' org.apache.logging.log4j.core.LoggerContext@529c2a9a
2018-02-15 08:32:19,214 main TRACE Unregistering but no MBeans found matching 'org.apache.logging.log4j2:type=4f8e5cde'
2018-02-15 08:32:19,217 main TRACE Unregistering but no MBeans found matching 'org.apache.logging.log4j2:type=4f8e5cde,component=StatusLogger'
2018-02-15 08:32:19,219 main TRACE Unregistering but no MBeans found matching 'org.apache.logging.log4j2:type=4f8e5cde,component=ContextSelector'
2018-02-15 08:32:19,223 main TRACE Unregistering but no MBeans found matching 'org.apache.logging.log4j2:type=4f8e5cde,component=Loggers,name=*'
2018-02-15 08:32:19,225 main TRACE Unregistering but no MBeans found matching 'org.apache.logging.log4j2:type=4f8e5cde,component=Appenders,name=*'
2018-02-15 08:32:19,228 main TRACE Unregistering but no MBeans found matching 'org.apache.logging.log4j2:type=4f8e5cde,component=AsyncAppenders,name=*'
2018-02-15 08:32:19,230 main TRACE Unregistering but no MBeans found matching 'org.apache.logging.log4j2:type=4f8e5cde,component=AsyncLoggerRingBuffer'
2018-02-15 08:32:19,232 main TRACE Unregistering but no MBeans found matching 'org.apache.logging.log4j2:type=4f8e5cde,component=Loggers,name=*,subtype=RingBuffer'
2018-02-15 08:32:19,248 main DEBUG Registering MBean org.apache.logging.log4j2:type=4f8e5cde
2018-02-15 08:32:19,290 main DEBUG Registering MBean org.apache.logging.log4j2:type=4f8e5cde,component=StatusLogger
2018-02-15 08:32:19,302 main DEBUG Registering MBean org.apache.logging.log4j2:type=4f8e5cde,component=ContextSelector
2018-02-15 08:32:19,310 main DEBUG Registering MBean org.apache.logging.log4j2:type=4f8e5cde,component=Loggers,name=
2018-02-15 08:32:19,317 main DEBUG Registering MBean org.apache.logging.log4j2:type=4f8e5cde,component=Appenders,name=Console
2018-02-15 08:32:19,331 main TRACE Using default SystemClock for timestamps.
2018-02-15 08:32:19,334 main TRACE Using DummyNanoClock for nanosecond timestamps.
2018-02-15 08:32:19,341 main DEBUG Reconfiguration complete for context[name=4f8e5cde] at URI C:\Users\Jeffrey\Documents\GitHub\serenity-callisto\target\test-classes\log4j2.xml (org.apache.logging.log4j.core.LoggerContext@529c2a9a) with optional ClassLoader: null
2018-02-15 08:32:19,357 main DEBUG Shutdown hook enabled. Registering a new one.
2018-02-15 08:32:19,363 main DEBUG LoggerContext[name=4f8e5cde, org.apache.logging.log4j.core.LoggerContext@529c2a9a] started OK.
[INFO ][sg.four.serenity.callisto.tasks.CreateNewPage] 1 =======================================================
2018-02-15 08:33:15,514 main DEBUG AsyncLogger.ThreadNameStrategy=CACHED
2018-02-15 08:33:15,525 main TRACE Using default SystemClock for timestamps.
[INFO ][sg.four.serenity.callisto.tasks.CreateNewPage] 2 =======================================================
[INFO ][sg.four.serenity.callisto.tasks.CreateNewPage] http://site17567204059862.srv05.sandbox.sitefinity.com/Sitefinity/dashboard | Dashboard | CDwindow-(5A3D8E9F9BEA6B8372EF0918C806B8F4)
[INFO ][sg.four.serenity.callisto.tasks.CreateNewPage] 3 =======================================================
[INFO ][sg.four.serenity.callisto.tasks.CreateNewPage] 4 =======================================================
[INFO ][sg.four.serenity.callisto.tasks.CreateNewPage] 5 =======================================================
[INFO ][sg.four.serenity.callisto.tasks.CreateNewPage] 6 =======================================================
[INFO ][sg.four.serenity.callisto.tasks.CreateNewPage] 7 =======================================================
[INFO ][sg.four.serenity.callisto.tasks.CreateNewPage] http://site17567204059862.srv05.sandbox.sitefinity.com/Sitefinity/Pages#event=showWindow&winId=ctl04_frontendPagesListView_ctl00_ctl00_itemsTreeTable_ctl00_ctl00_create&autoMax=false | Pages | CDwindow-(5A3D8E9F9BEA6B8372EF0918C806B8F4)
[INFO ][sg.four.serenity.callisto.tasks.CreateNewPage] 8 =======================================================
[DEBUG][sg.four.serenity.callisto.tasks.CreateNewPage] CDwindow-(5A3D8E9F9BEA6B8372EF0918C806B8F4)
[INFO ][sg.four.serenity.callisto.tasks.CreateNewPage] 9 =======================================================
[INFO ][sg.four.serenity.callisto.tasks.CreateNewPage] 10 =======================================================
[INFO ][sg.four.serenity.callisto.tasks.CreateNewPage] 11 ERROR =======================================================
[ERROR][sg.four.serenity.callisto.tasks.CreateNewPage] org.openqa.selenium.NoSuchElementException: no such element: Unable to locate element: {"method":"css selector","selector":"#contentViewInsertDialog_ctl00_ctl00_contentView_frontendPagesCreate_ctl00_ctl00_sections_mainSection_0_ctl00_0_ctl00_0_fields_0_PagesNameFieldControl_0_ctl00_0_ctl00_0_textBox_write_0"}
  (Session info: chrome=63.0.3239.132)
  (Driver info: chromedriver=2.29.461591 (62ebf098771772160f391d75e589dc567915b233),platform=Windows NT 10.0.16299 x86_64) (WARNING: The server did not provide any stacktrace information)
Command duration or timeout: 3.13 seconds
For documentation on this error, please visit: http://seleniumhq.org/exceptions/no_such_element.html
Build info: version: '3.4.0', revision: 'unknown', time: 'unknown'
System info: host: 'FAMILY-WIN8', ip: '169.254.230.34', os.name: 'Windows 10', os.arch: 'amd64', os.version: '10.0', java.version: '9'
Driver info: org.openqa.selenium.remote.RemoteWebDriver
Capabilities [{applicationCacheEnabled=false, rotatable=false, mobileEmulationEnabled=false, networkConnectionEnabled=false, chrome={chromedriverVersion=2.29.461591 (62ebf098771772160f391d75e589dc567915b233), userDataDir=C:\Users\Jeffrey\AppData\Local\Temp\scoped_dir15924_1947}, takesHeapSnapshot=true, pageLoadStrategy=normal, databaseEnabled=false, handlesAlerts=true, hasTouchScreen=false, version=63.0.3239.132, platform=XP, browserConnectionEnabled=false, nativeEvents=true, acceptSslCerts=true, locationContextEnabled=true, webStorageEnabled=true, browserName=chrome, takesScreenshot=true, javascriptEnabled=true, cssSelectorsEnabled=true, unexpectedAlertBehaviour=}]
Session ID: fe137b09a688cc15a4f64648b317a108
*** Element info: {Using=css selector, value=#contentViewInsertDialog_ctl00_ctl00_contentView_frontendPagesCreate_ctl00_ctl00_sections_mainSection_0_ctl00_0_ctl00_0_fields_0_PagesNameFieldControl_0_ctl00_0_ctl00_0_textBox_write_0}
[INFO ][sg.four.serenity.callisto.tasks.CreateNewPage] 12 =======================================================
[INFO ][sg.four.serenity.callisto.tasks.CreateNewPage] 13 =======================================================
[INFO ][sg.four.serenity.callisto.tasks.CreateNewPage] 14 =======================================================

1 Scenarios (1 passed)
1 Steps (1 passed)
1m44.698s

Tests run: 2, Failures: 0, Errors: 0, Skipped: 0, Time elapsed: 140.311 sec - in sg.four.serenity.callisto.ManageContentTestSuite
2018-02-15 08:34:32,163 pool-1-thread-1 DEBUG Stopping LoggerContext[name=4f8e5cde, org.apache.logging.log4j.core.LoggerContext@529c2a9a]
2018-02-15 08:34:32,165 pool-1-thread-1 DEBUG Stopping LoggerContext[name=4f8e5cde, org.apache.logging.log4j.core.LoggerContext@529c2a9a]...
2018-02-15 08:34:32,168 pool-1-thread-1 TRACE Unregistering 1 MBeans: [org.apache.logging.log4j2:type=4f8e5cde]
2018-02-15 08:34:32,174 pool-1-thread-1 TRACE Unregistering 1 MBeans: [org.apache.logging.log4j2:type=4f8e5cde,component=StatusLogger]
2018-02-15 08:34:32,176 pool-1-thread-1 TRACE Unregistering 1 MBeans: [org.apache.logging.log4j2:type=4f8e5cde,component=ContextSelector]
2018-02-15 08:34:32,178 pool-1-thread-1 TRACE Unregistering 1 MBeans: [org.apache.logging.log4j2:type=4f8e5cde,component=Loggers,name=]
2018-02-15 08:34:32,181 pool-1-thread-1 TRACE Unregistering 1 MBeans: [org.apache.logging.log4j2:type=4f8e5cde,component=Appenders,name=Console]
2018-02-15 08:34:32,184 pool-1-thread-1 TRACE Unregistering but no MBeans found matching 'org.apache.logging.log4j2:type=4f8e5cde,component=AsyncAppenders,name=*'
2018-02-15 08:34:32,185 pool-1-thread-1 TRACE Unregistering but no MBeans found matching 'org.apache.logging.log4j2:type=4f8e5cde,component=AsyncLoggerRingBuffer'
2018-02-15 08:34:32,187 pool-1-thread-1 TRACE Unregistering but no MBeans found matching 'org.apache.logging.log4j2:type=4f8e5cde,component=Loggers,name=*,subtype=RingBuffer'
2018-02-15 08:34:32,189 pool-1-thread-1 TRACE Stopping XmlConfiguration[location=C:\Users\Jeffrey\Documents\GitHub\serenity-callisto\target\test-classes\log4j2.xml]...
2018-02-15 08:34:32,190 pool-1-thread-1 TRACE XmlConfiguration notified 2 ReliabilityStrategies that config will be stopped.
2018-02-15 08:34:32,191 pool-1-thread-1 TRACE XmlConfiguration stopping 1 LoggerConfigs.
2018-02-15 08:34:32,192 pool-1-thread-1 TRACE XmlConfiguration stopping root LoggerConfig.
2018-02-15 08:34:32,193 pool-1-thread-1 TRACE XmlConfiguration notifying ReliabilityStrategies that appenders will be stopped.
2018-02-15 08:34:32,194 pool-1-thread-1 TRACE XmlConfiguration stopping remaining Appenders.
2018-02-15 08:34:32,195 pool-1-thread-1 DEBUG Shutting down OutputStreamManager SYSTEM_OUT.false.false
2018-02-15 08:34:32,197 pool-1-thread-1 DEBUG Shut down OutputStreamManager SYSTEM_OUT.false.false, all resources released: true
2018-02-15 08:34:32,198 pool-1-thread-1 DEBUG Appender Console stopped with status true
2018-02-15 08:34:32,199 pool-1-thread-1 TRACE XmlConfiguration stopped 1 remaining Appenders.
2018-02-15 08:34:32,200 pool-1-thread-1 TRACE XmlConfiguration cleaning Appenders from 2 LoggerConfigs.
2018-02-15 08:34:32,201 pool-1-thread-1 DEBUG Stopped XmlConfiguration[location=C:\Users\Jeffrey\Documents\GitHub\serenity-callisto\target\test-classes\log4j2.xml] OK
2018-02-15 08:34:32,227 pool-1-thread-1 DEBUG Stopped LoggerContext[name=4f8e5cde, org.apache.logging.log4j.core.LoggerContext@529c2a9a] with status true

Results :

Tests run: 2, Failures: 0, Errors: 0, Skipped: 0

[WARNING] File encoding has not been set, using platform encoding Cp1252, i.e. build is platform dependent! The file encoding for reports output files should be provided by the POM property ${project.reporting.outputEncoding}.
[INFO] 
[INFO] --- serenity-maven-plugin:1.5.3:aggregate (serenity-reports) @ serenity-callisto ---
[INFO] current_project.base.dir: C:\Users\Jeffrey\Documents\GitHub\serenity-callisto
[INFO] Generating test results for 1 tests
[INFO] 10 requirements loaded after 2747 ms
[INFO] 10 related requirements found after 2748 ms
[INFO] Generating test outcome reports: false
[INFO] Starting generating reports: 4799 ms
[INFO] Configured report threads: 20
[INFO] Test results for 1 tests generated in 23735 ms
[INFO] 
[INFO] --- maven-failsafe-plugin:2.19.1:verify (default) @ serenity-callisto ---
[WARNING] File encoding has not been set, using platform encoding Cp1252, i.e. build is platform dependent! The file encoding for reports output files should be provided by the POM property ${project.reporting.outputEncoding}.
[INFO] ------------------------------------------------------------------------
[INFO] BUILD SUCCESS
[INFO] ------------------------------------------------------------------------
[INFO] Total time: 04:35 min
[INFO] Finished at: 2018-02-15T08:35:10+08:00
[INFO] Final Memory: 45M/150M
[INFO] ------------------------------------------------------------------------
